<?xml version="1.0" encoding="UTF-8"?>
<testng-results ignored="0" total="9" passed="9" failed="0" skipped="0">
  <reporter-output>
  </reporter-output>
  <suite started-at="2026-01-01T16:39:48 IST" name="Default suite" finished-at="2026-01-01T16:39:59 IST" duration-ms="10551">
    <groups>
    </groups>
    <test started-at="2026-01-01T16:39:48 IST" name="Default test" finished-at="2026-01-01T16:39:59 IST" duration-ms="10551">
      <class name="tests.JsonValidationTest">
        <test-method is-config="true" signature="setup()[pri:0, instance:tests.JsonValidationTest@292b08d6]" started-at="2026-01-01T16:39:48 IST" name="setup" finished-at="2026-01-01T16:39:49 IST" duration-ms="786" status="PASS">
          <reporter-output>
          </reporter-output>
        </test-method> <!-- setup -->
        <test-method signature="find_specific_user()[pri:0, instance:tests.JsonValidationTest@292b08d6]" started-at="2026-01-01T16:39:49 IST" name="find_specific_user" finished-at="2026-01-01T16:39:55 IST" duration-ms="5391" status="PASS">
          <reporter-output>
          </reporter-output>
        </test-method> <!-- find_specific_user -->
        <test-method signature="validate_all_conditions()[pri:0, instance:tests.JsonValidationTest@292b08d6]" started-at="2026-01-01T16:39:55 IST" name="validate_all_conditions" finished-at="2026-01-01T16:39:55 IST" duration-ms="639" status="PASS">
          <reporter-output>
          </reporter-output>
        </test-method> <!-- validate_all_conditions -->
        <test-method signature="validate_any_of_conditions()[pri:0, instance:tests.JsonValidationTest@292b08d6]" started-at="2026-01-01T16:39:55 IST" name="validate_any_of_conditions" finished-at="2026-01-01T16:39:56 IST" duration-ms="552" status="PASS">
          <reporter-output>
          </reporter-output>
        </test-method> <!-- validate_any_of_conditions -->
        <test-method signature="validate_array_size()[pri:0, instance:tests.JsonValidationTest@292b08d6]" started-at="2026-01-01T16:39:56 IST" name="validate_array_size" finished-at="2026-01-01T16:39:56 IST" duration-ms="483" status="PASS">
          <reporter-output>
          </reporter-output>
        </test-method> <!-- validate_array_size -->
        <test-method signature="validate_basic_fields()[pri:0, instance:tests.JsonValidationTest@292b08d6]" started-at="2026-01-01T16:39:56 IST" name="validate_basic_fields" finished-at="2026-01-01T16:39:57 IST" duration-ms="726" status="PASS">
          <reporter-output>
          </reporter-output>
        </test-method> <!-- validate_basic_fields -->
        <test-method signature="validate_nested_json()[pri:0, instance:tests.JsonValidationTest@292b08d6]" started-at="2026-01-01T16:39:57 IST" name="validate_nested_json" finished-at="2026-01-01T16:39:58 IST" duration-ms="468" status="PASS">
          <reporter-output>
          </reporter-output>
        </test-method> <!-- validate_nested_json -->
        <test-method signature="validate_product_prices()[pri:0, instance:tests.JsonValidationTest@292b08d6]" started-at="2026-01-01T16:39:58 IST" name="validate_product_prices" finished-at="2026-01-01T16:39:58 IST" duration-ms="418" status="PASS">
          <reporter-output>
          </reporter-output>
        </test-method> <!-- validate_product_prices -->
        <test-method signature="validate_unsorted_list()[pri:0, instance:tests.JsonValidationTest@292b08d6]" started-at="2026-01-01T16:39:58 IST" name="validate_unsorted_list" finished-at="2026-01-01T16:39:59 IST" duration-ms="517" status="PASS">
          <reporter-output>
          </reporter-output>
        </test-method> <!-- validate_unsorted_list -->
        <test-method signature="validate_users_age_above_30()[pri:0, instance:tests.JsonValidationTest@292b08d6]" started-at="2026-01-01T16:39:59 IST" name="validate_users_age_above_30" finished-at="2026-01-01T16:39:59 IST" duration-ms="403" status="PASS">
          <reporter-output>
          </reporter-output>
        </test-method> <!-- validate_users_age_above_30 -->
      </class> <!-- tests.JsonValidationTest -->
    </test> <!-- Default test -->
  </suite> <!-- Default suite -->
</testng-results>
