<?xml version="1.0" encoding="UTF-8"?>
<testsuite xmlns:xsi="http://www.w3.org/2001/XMLSchema-instance" xsi:noNamespaceSchemaLocation="https://maven.apache.org/surefire/maven-surefire-plugin/xsd/surefire-test-report-3.0.xsd" version="3.0" name="tests.JsonValidationTest" time="21.007" tests="9" errors="0" skipped="0" failures="0">
  <properties>
[...]
</properties>
  <testcase name="find_specific_user" classname="tests.JsonValidationTest" time="7.768">
    <system-err><![CDATA[SLF4J: Failed to load class "org.slf4j.impl.StaticLoggerBinder".
SLF4J: Defaulting to no-operation (NOP) logger implementation
SLF4J: See http://www.slf4j.org/codes.html#StaticLoggerBinder for further details.
]]></system-err>
  </testcase>
  <testcase name="validate_all_conditions" classname="tests.JsonValidationTest" time="0.576"/>
  <testcase name="validate_any_of_conditions" classname="tests.JsonValidationTest" time="0.425"/>
  <testcase name="validate_array_size" classname="tests.JsonValidationTest" time="0.948"/>
  <testcase name="validate_basic_fields" classname="tests.JsonValidationTest" time="6.44">
    <system-out><![CDATA[First User Name : Emma
Total Users     : 208
]]></system-out>
  </testcase>
  <testcase name="validate_nested_json" classname="tests.JsonValidationTest" time="0.896"/>
  <testcase name="validate_product_prices" classname="tests.JsonValidationTest" time="0.936"/>
  <testcase name="validate_unsorted_list" classname="tests.JsonValidationTest" time="0.365"/>
  <testcase name="validate_users_age_above_30" classname="tests.JsonValidationTest" time="0.414"/>
</testsuite>