<?xml version="1.0" encoding="UTF-8"?>
<!-- Generated by org.testng.reporters.JUnitXMLReporter -->
<testsuite ignored="0" hostname="LENOVO" failures="0" tests="9" name="Default test" time="8.416" errors="0" timestamp="2025-12-24T09:36:34 IST">
  <testcase classname="tests.UserApiTest" name="createUserWithMap" time="3.299"/>
  <testcase classname="tests.UserApiTest" name="createUserWithPojo" time="0.844"/>
  <testcase classname="tests.UserApiTest" name="createUserWithString" time="0.61"/>
  <testcase classname="tests.UserApiTest" name="deleteUser" time="0.613"/>
  <testcase classname="tests.UserApiTest" name="idempotencyCheck" time="1.184"/>
  <testcase classname="tests.UserApiTest" name="invalidDataTest" time="0.0"/>
  <testcase classname="tests.UserApiTest" name="updateUserPatch" time="0.591"/>
  <testcase classname="tests.UserApiTest" name="updateUserPut" time="0.604"/>
  <testcase classname="tests.UserApiTest" name="validateStatusCodes" time="0.576"/>
</testsuite> <!-- Default test -->
