<?xml version="1.0" encoding="UTF-8"?>
<!-- Generated by org.testng.reporters.JUnitReportReporter -->
<testsuite hostname="DESKTOP-GHQ73NI" failures="0" tests="9" name="tests.JsonValidationTest" time="18.772" errors="0" timestamp="2026-01-01T19:03:51 IST" skipped="0">
  <testcase classname="tests.JsonValidationTest" name="validate_array_size" time="0.948"/>
  <testcase classname="tests.JsonValidationTest" name="validate_unsorted_list" time="0.369"/>
  <testcase classname="tests.JsonValidationTest" name="validate_any_of_conditions" time="0.424"/>
  <testcase classname="tests.JsonValidationTest" name="validate_basic_fields" time="6.431"/>
  <testcase classname="tests.JsonValidationTest" name="validate_users_age_above_30" time="0.413"/>
  <testcase classname="tests.JsonValidationTest" name="validate_all_conditions" time="0.579"/>
  <testcase classname="tests.JsonValidationTest" name="find_specific_user" time="7.767"/>
  <testcase classname="tests.JsonValidationTest" name="validate_nested_json" time="0.905"/>
  <testcase classname="tests.JsonValidationTest" name="validate_product_prices" time="0.936"/>
</testsuite> <!-- tests.JsonValidationTest -->
