<?xml version="1.0" encoding="UTF-8"?>
<!-- Generated by org.testng.reporters.JUnitXMLReporter -->
<testsuite ignored="0" hostname="DESKTOP-GHQ73NI" failures="0" tests="9" name="Default test" time="10.551" errors="0" timestamp="2026-01-01T16:39:59 IST">
  <testcase classname="tests.JsonValidationTest" name="find_specific_user" time="5.391"/>
  <testcase classname="tests.JsonValidationTest" name="validate_all_conditions" time="0.639"/>
  <testcase classname="tests.JsonValidationTest" name="validate_any_of_conditions" time="0.552"/>
  <testcase classname="tests.JsonValidationTest" name="validate_array_size" time="0.483"/>
  <testcase classname="tests.JsonValidationTest" name="validate_basic_fields" time="0.726"/>
  <testcase classname="tests.JsonValidationTest" name="validate_nested_json" time="0.468"/>
  <testcase classname="tests.JsonValidationTest" name="validate_product_prices" time="0.418"/>
  <testcase classname="tests.JsonValidationTest" name="validate_unsorted_list" time="0.517"/>
  <testcase classname="tests.JsonValidationTest" name="validate_users_age_above_30" time="0.403"/>
</testsuite> <!-- Default test -->
